<?xml version="1.0" encoding="UTF-8"?>
<testsuite xmlns:xsi="http://www.w3.org/2001/XMLSchema-instance" xsi:noNamespaceSchemaLocation="https://maven.apache.org/surefire/maven-surefire-plugin/xsd/surefire-test-report-3.0.xsd" version="3.0" name="com.mytest.twoscenarios.CucumberTest" time="0.027" tests="5" errors="0" skipped="0" failures="0">
  <testcase name="Some terse yet descriptive text of what is desired like bla bla 3 examples - Some determinable business situation" classname="Some terse yet descriptive text of what is desired like bla bla 3 examples" time="0.012"/>
  <testcase name="Some terse yet descriptive text of what is desired like bla bla 3 examples - Some another scenario 2" classname="Some terse yet descriptive text of what is desired like bla bla 3 examples" time="0.002"/>
  <testcase name="Some terse yet descriptive text of what is desired like bla bla 3 examples - feeding a cow &lt;name&gt; yum yum yum - Examples - Example #1.1" classname="Some terse yet descriptive text of what is desired like bla bla 3 examples - feeding a cow &lt;name&gt; yum yum yum - Examples" time="0.001"/>
  <testcase name="Some terse yet descriptive text of what is desired like bla bla 3 examples - feeding a cow &lt;name&gt; yum yum yum - Examples - Example #1.2" classname="Some terse yet descriptive text of what is desired like bla bla 3 examples - feeding a cow &lt;name&gt; yum yum yum - Examples" time="0.001"/>
  <testcase name="Some terse yet descriptive text of what is desired like bla bla 3 examples - feeding a cow &lt;name&gt; yum yum yum - Examples - Example #1.3" classname="Some terse yet descriptive text of what is desired like bla bla 3 examples - feeding a cow &lt;name&gt; yum yum yum - Examples" time="0.001"/>
</testsuite>