<?xml version="1.0" encoding="UTF-8"?>
<testsuite xmlns:xsi="http://www.w3.org/2001/XMLSchema-instance" xsi:noNamespaceSchemaLocation="https://maven.apache.org/surefire/maven-surefire-plugin/xsd/surefire-test-report-3.0.xsd" version="3.0" name="com.mytest.cucumber.CucumberTest" time="0.424" tests="4" errors="0" skipped="0" failures="0">
  <properties>
    <property name="java.specification.version" value="21"/>
    <property name="sun.cpu.isalist" value="amd64"/>
    <property name="sun.jnu.encoding" value="Cp1252"/>
    <property name="java.class.path" value="C:\git\junit5-cucumber\target\test-classes;C:\git\junit5-cucumber\target\classes;C:\Users\nshitrit\.m2\repository\org\slf4j\slf4j-api\2.0.6\slf4j-api-2.0.6.jar;C:\Users\nshitrit\.m2\repository\ch\qos\logback\logback-classic\1.4.5\logback-classic-1.4.5.jar;C:\Users\nshitrit\.m2\repository\ch\qos\logback\logback-core\1.4.5\logback-core-1.4.5.jar;C:\Users\nshitrit\.m2\repository\org\junit\jupiter\junit-jupiter\5.12.2\junit-jupiter-5.12.2.jar;C:\Users\nshitrit\.m2\repository\org\junit\jupiter\junit-jupiter-api\5.12.2\junit-jupiter-api-5.12.2.jar;C:\Users\nshitrit\.m2\repository\org\opentest4j\opentest4j\1.3.0\opentest4j-1.3.0.jar;C:\Users\nshitrit\.m2\repository\org\junit\platform\junit-platform-commons\1.12.2\junit-platform-commons-1.12.2.jar;C:\Users\nshitrit\.m2\repository\org\junit\jupiter\junit-jupiter-params\5.12.2\junit-jupiter-params-5.12.2.jar;C:\Users\nshitrit\.m2\repository\org\junit\jupiter\junit-jupiter-engine\5.12.2\junit-jupiter-engine-5.12.2.jar;C:\Users\nshitrit\.m2\repository\org\junit\platform\junit-platform-suite\1.12.2\junit-platform-suite-1.12.2.jar;C:\Users\nshitrit\.m2\repository\org\junit\platform\junit-platform-suite-api\1.12.2\junit-platform-suite-api-1.12.2.jar;C:\Users\nshitrit\.m2\repository\org\junit\platform\junit-platform-suite-engine\1.12.2\junit-platform-suite-engine-1.12.2.jar;C:\Users\nshitrit\.m2\repository\org\junit\platform\junit-platform-suite-commons\1.12.2\junit-platform-suite-commons-1.12.2.jar;C:\Users\nshitrit\.m2\repository\org\junit\platform\junit-platform-launcher\1.12.2\junit-platform-launcher-1.12.2.jar;C:\Users\nshitrit\.m2\repository\io\cucumber\cucumber-java\7.22.2\cucumber-java-7.22.2.jar;C:\Users\nshitrit\.m2\repository\io\cucumber\cucumber-core\7.22.2\cucumber-core-7.22.2.jar;C:\Users\nshitrit\.m2\repository\io\cucumber\cucumber-gherkin\7.22.2\cucumber-gherkin-7.22.2.jar;C:\Users\nshitrit\.m2\repository\io\cucumber\cucumber-gherkin-messages\7.22.2\cucumber-gherkin-messages-7.22.2.jar;C:\Users\nshitrit\.m2\repository\io\cucumber\gherkin\32.1.1\gherkin-32.1.1.jar;C:\Users\nshitrit\.m2\repository\io\cucumber\messages\27.2.0\messages-27.2.0.jar;C:\Users\nshitrit\.m2\repository\io\cucumber\testng-xml-formatter\0.3.1\testng-xml-formatter-0.3.1.jar;C:\Users\nshitrit\.m2\repository\io\cucumber\query\13.2.0\query-13.2.0.jar;C:\Users\nshitrit\.m2\repository\io\cucumber\tag-expressions\6.1.2\tag-expressions-6.1.2.jar;C:\Users\nshitrit\.m2\repository\io\cucumber\cucumber-expressions\18.0.1\cucumber-expressions-18.0.1.jar;C:\Users\nshitrit\.m2\repository\io\cucumber\datatable\7.22.2\datatable-7.22.2.jar;C:\Users\nshitrit\.m2\repository\io\cucumber\cucumber-plugin\7.22.2\cucumber-plugin-7.22.2.jar;C:\Users\nshitrit\.m2\repository\io\cucumber\docstring\7.22.2\docstring-7.22.2.jar;C:\Users\nshitrit\.m2\repository\io\cucumber\html-formatter\21.10.1\html-formatter-21.10.1.jar;C:\Users\nshitrit\.m2\repository\io\cucumber\junit-xml-formatter\0.7.1\junit-xml-formatter-0.7.1.jar;C:\Users\nshitrit\.m2\repository\io\cucumber\ci-environment\10.0.1\ci-environment-10.0.1.jar;C:\Users\nshitrit\.m2\repository\org\apiguardian\apiguardian-api\1.1.2\apiguardian-api-1.1.2.jar;C:\Users\nshitrit\.m2\repository\io\cucumber\cucumber-junit-platform-engine\7.22.2\cucumber-junit-platform-engine-7.22.2.jar;C:\Users\nshitrit\.m2\repository\org\junit\platform\junit-platform-engine\1.12.2\junit-platform-engine-1.12.2.jar;"/>
    <property name="java.vm.vendor" value="Eclipse Adoptium"/>
    <property name="sun.arch.data.model" value="64"/>
    <property name="user.variant" value=""/>
    <property name="java.vendor.url" value="https://adoptium.net/"/>
    <property name="user.timezone" value="Asia/Jerusalem"/>
    <property name="user.country.format" value="IL"/>
    <property name="os.name" value="Windows 11"/>
    <property name="java.vm.specification.version" value="21"/>
    <property name="sun.java.launcher" value="SUN_STANDARD"/>
    <property name="user.country" value="US"/>
    <property name="sun.boot.library.path" value="C:\Program Files\Eclipse Adoptium\jdk-21.0.6.7-hotspot\bin"/>
    <property name="sun.java.command" value="C:\Users\nshitrit\AppData\Local\Temp\surefire17076620252268535975\surefirebooter-20250610113846210_3.jar C:\Users\nshitrit\AppData\Local\Temp\surefire17076620252268535975 2025-06-10T11-38-45_839-jvmRun1 surefire-20250610113846210_1tmp surefire_0-20250610113846210_2tmp"/>
    <property name="jdk.debug" value="release"/>
    <property name="surefire.test.class.path" value="C:\git\junit5-cucumber\target\test-classes;C:\git\junit5-cucumber\target\classes;C:\Users\nshitrit\.m2\repository\org\slf4j\slf4j-api\2.0.6\slf4j-api-2.0.6.jar;C:\Users\nshitrit\.m2\repository\ch\qos\logback\logback-classic\1.4.5\logback-classic-1.4.5.jar;C:\Users\nshitrit\.m2\repository\ch\qos\logback\logback-core\1.4.5\logback-core-1.4.5.jar;C:\Users\nshitrit\.m2\repository\org\junit\jupiter\junit-jupiter\5.12.2\junit-jupiter-5.12.2.jar;C:\Users\nshitrit\.m2\repository\org\junit\jupiter\junit-jupiter-api\5.12.2\junit-jupiter-api-5.12.2.jar;C:\Users\nshitrit\.m2\repository\org\opentest4j\opentest4j\1.3.0\opentest4j-1.3.0.jar;C:\Users\nshitrit\.m2\repository\org\junit\platform\junit-platform-commons\1.12.2\junit-platform-commons-1.12.2.jar;C:\Users\nshitrit\.m2\repository\org\junit\jupiter\junit-jupiter-params\5.12.2\junit-jupiter-params-5.12.2.jar;C:\Users\nshitrit\.m2\repository\org\junit\jupiter\junit-jupiter-engine\5.12.2\junit-jupiter-engine-5.12.2.jar;C:\Users\nshitrit\.m2\repository\org\junit\platform\junit-platform-suite\1.12.2\junit-platform-suite-1.12.2.jar;C:\Users\nshitrit\.m2\repository\org\junit\platform\junit-platform-suite-api\1.12.2\junit-platform-suite-api-1.12.2.jar;C:\Users\nshitrit\.m2\repository\org\junit\platform\junit-platform-suite-engine\1.12.2\junit-platform-suite-engine-1.12.2.jar;C:\Users\nshitrit\.m2\repository\org\junit\platform\junit-platform-suite-commons\1.12.2\junit-platform-suite-commons-1.12.2.jar;C:\Users\nshitrit\.m2\repository\org\junit\platform\junit-platform-launcher\1.12.2\junit-platform-launcher-1.12.2.jar;C:\Users\nshitrit\.m2\repository\io\cucumber\cucumber-java\7.22.2\cucumber-java-7.22.2.jar;C:\Users\nshitrit\.m2\repository\io\cucumber\cucumber-core\7.22.2\cucumber-core-7.22.2.jar;C:\Users\nshitrit\.m2\repository\io\cucumber\cucumber-gherkin\7.22.2\cucumber-gherkin-7.22.2.jar;C:\Users\nshitrit\.m2\repository\io\cucumber\cucumber-gherkin-messages\7.22.2\cucumber-gherkin-messages-7.22.2.jar;C:\Users\nshitrit\.m2\repository\io\cucumber\gherkin\32.1.1\gherkin-32.1.1.jar;C:\Users\nshitrit\.m2\repository\io\cucumber\messages\27.2.0\messages-27.2.0.jar;C:\Users\nshitrit\.m2\repository\io\cucumber\testng-xml-formatter\0.3.1\testng-xml-formatter-0.3.1.jar;C:\Users\nshitrit\.m2\repository\io\cucumber\query\13.2.0\query-13.2.0.jar;C:\Users\nshitrit\.m2\repository\io\cucumber\tag-expressions\6.1.2\tag-expressions-6.1.2.jar;C:\Users\nshitrit\.m2\repository\io\cucumber\cucumber-expressions\18.0.1\cucumber-expressions-18.0.1.jar;C:\Users\nshitrit\.m2\repository\io\cucumber\datatable\7.22.2\datatable-7.22.2.jar;C:\Users\nshitrit\.m2\repository\io\cucumber\cucumber-plugin\7.22.2\cucumber-plugin-7.22.2.jar;C:\Users\nshitrit\.m2\repository\io\cucumber\docstring\7.22.2\docstring-7.22.2.jar;C:\Users\nshitrit\.m2\repository\io\cucumber\html-formatter\21.10.1\html-formatter-21.10.1.jar;C:\Users\nshitrit\.m2\repository\io\cucumber\junit-xml-formatter\0.7.1\junit-xml-formatter-0.7.1.jar;C:\Users\nshitrit\.m2\repository\io\cucumber\ci-environment\10.0.1\ci-environment-10.0.1.jar;C:\Users\nshitrit\.m2\repository\org\apiguardian\apiguardian-api\1.1.2\apiguardian-api-1.1.2.jar;C:\Users\nshitrit\.m2\repository\io\cucumber\cucumber-junit-platform-engine\7.22.2\cucumber-junit-platform-engine-7.22.2.jar;C:\Users\nshitrit\.m2\repository\org\junit\platform\junit-platform-engine\1.12.2\junit-platform-engine-1.12.2.jar;"/>
    <property name="sun.cpu.endian" value="little"/>
    <property name="user.home" value="C:\Users\nshitrit"/>
    <property name="user.language" value="en"/>
    <property name="java.specification.vendor" value="Oracle Corporation"/>
    <property name="java.version.date" value="2025-01-21"/>
    <property name="java.home" value="C:\Program Files\Eclipse Adoptium\jdk-21.0.6.7-hotspot"/>
    <property name="file.separator" value="\"/>
    <property name="basedir" value="C:\git\junit5-cucumber"/>
    <property name="java.vm.compressedOopsMode" value="Zero based"/>
    <property name="line.separator" value="&#10;"/>
    <property name="java.vm.specification.vendor" value="Oracle Corporation"/>
    <property name="java.specification.name" value="Java Platform API Specification"/>
    <property name="surefire.real.class.path" value="C:\Users\nshitrit\AppData\Local\Temp\surefire17076620252268535975\surefirebooter-20250610113846210_3.jar"/>
    <property name="user.script" value=""/>
    <property name="sun.management.compiler" value="HotSpot 64-Bit Tiered Compilers"/>
    <property name="java.runtime.version" value="21.0.6+7-LTS"/>
    <property name="user.name" value="nshitrit"/>
    <property name="stdout.encoding" value="Cp1252"/>
    <property name="path.separator" value=";"/>
    <property name="os.version" value="10.0"/>
    <property name="java.runtime.name" value="OpenJDK Runtime Environment"/>
    <property name="file.encoding" value="UTF-8"/>
    <property name="java.vm.name" value="OpenJDK 64-Bit Server VM"/>
    <property name="java.vendor.version" value="Temurin-21.0.6+7"/>
    <property name="localRepository" value="C:\Users\nshitrit\.m2\repository"/>
    <property name="java.vendor.url.bug" value="https://github.com/adoptium/adoptium-support/issues"/>
    <property name="java.io.tmpdir" value="C:\Users\nshitrit\AppData\Local\Temp\"/>
    <property name="idea.version" value="2024.3.5"/>
    <property name="java.version" value="21.0.6"/>
    <property name="user.dir" value="C:\git\junit5-cucumber"/>
    <property name="os.arch" value="amd64"/>
    <property name="java.vm.specification.name" value="Java Virtual Machine Specification"/>
    <property name="sun.os.patch.level" value=""/>
    <property name="native.encoding" value="Cp1252"/>
    <property name="java.library.path" value="C:\Program Files\Eclipse Adoptium\jdk-21.0.6.7-hotspot\bin;C:\WINDOWS\Sun\Java\bin;C:\WINDOWS\system32;C:\WINDOWS;C:\Program Files\Eclipse Adoptium\jdk-21.0.6.7-hotspot\bin;C:\WINDOWS\system32;C:\WINDOWS;C:\WINDOWS\System32\Wbem;C:\WINDOWS\System32\WindowsPowerShell\v1.0\;C:\WINDOWS\System32\OpenSSH\;c:\dev\tools\java\maven\apache-maven-3.8.6\bin;C:\Users\nshitrit\AppData\Local\nvm;C:\nvm4w\nodejs;C:\Program Files (x86)\Yarn\bin\;C:\Program Files\PostgreSQL\13\bin;C:\Users\nshitrit\AppData\Local\Programs\Git\bin\;C:\Program Files (x86)\Google\Cloud SDK\google-cloud-sdk\bin;C:\Program Files\nodejs\;C:\Users\nshitrit\AppData\Local\Programs\Python\Python37-32\Scripts\;C:\Users\nshitrit\AppData\Local\Programs\Python\Python37-32\;C:\Users\nshitrit\AppData\Local\Programs\Python\Python313\Scripts\;C:\Users\nshitrit\AppData\Local\Programs\Python\Python313\;C:\Users\nshitrit\AppData\Local\Programs\Python\Launcher\;C:\Users\nshitrit\AppData\Local\Microsoft\WindowsApps;C:\Users\nshitrit\AppData\Local\Programs\Git\cmd;C:\Users\nshitrit\AppData\Local\Yarn\bin;."/>
    <property name="java.vm.info" value="mixed mode, sharing"/>
    <property name="stderr.encoding" value="Cp1252"/>
    <property name="java.vendor" value="Eclipse Adoptium"/>
    <property name="java.vm.version" value="21.0.6+7-LTS"/>
    <property name="sun.io.unicode.encoding" value="UnicodeLittle"/>
    <property name="java.class.version" value="65.0"/>
  </properties>
  <testcase name="Basic Arithmetic - Addition" classname="Basic Arithmetic" time="0.327"/>
  <testcase name="Basic Arithmetic - Substraction" classname="Basic Arithmetic" time="0.002"/>
  <testcase name="Basic Arithmetic - Several additions - Several additions - Example #1.1" classname="Basic Arithmetic - Several additions - Several additions" time="0.001"/>
  <testcase name="Basic Arithmetic - Several additions - Several additions - Example #1.2" classname="Basic Arithmetic - Several additions - Several additions" time="0"/>
</testsuite>